生成启动时间为 2016/8/2 11:14:30。
     1>项目“E:\我的\程序\剑指offer\剑指offer\剑指offer.vcxproj”在节点 2 上(Build 个目标)。
     1>ClCompile:
         F:\软件\vs2013\VC\bin\CL.exe /c /ZI /nologo /W3 /WX- /Od /Oy- /D WIN32 /D _DEBUG /D _CONSOLE /D _LIB /D _UNICODE /D UNICODE /Gm /EHsc /RTC1 /MDd /GS /fp:precise /Zc:wchar_t /Zc:forScope /Fo"Debug\\" /Fd"Debug\vc120.pdb" /Gd /TP /analyze- /errorReport:prompt again.cpp
         again.cpp
     1>e:\我的\程序\剑指offer\剑指offer\again.cpp(319): warning C4018: “<”: 有符号/无符号不匹配
     1>e:\我的\程序\剑指offer\剑指offer\again.cpp(620): warning C4018: “<”: 有符号/无符号不匹配
     1>e:\我的\程序\剑指offer\剑指offer\again.cpp(661): warning C4996: 'strcpy': This function or variable may be unsafe. Consider using strcpy_s instead. To disable deprecation, use _CRT_SECURE_NO_WARNINGS. See online help for details.
                 f:\软件\vs2013\vc\include\string.h(112) : 参见“strcpy”的声明
     1>e:\我的\程序\剑指offer\剑指offer\again.cpp(662): warning C4996: 'strcat': This function or variable may be unsafe. Consider using strcat_s instead. To disable deprecation, use _CRT_SECURE_NO_WARNINGS. See online help for details.
                 f:\软件\vs2013\vc\include\string.h(118) : 参见“strcat”的声明
     1>e:\我的\程序\剑指offer\剑指offer\again.cpp(663): warning C4996: 'strcpy': This function or variable may be unsafe. Consider using strcpy_s instead. To disable deprecation, use _CRT_SECURE_NO_WARNINGS. See online help for details.
                 f:\软件\vs2013\vc\include\string.h(112) : 参见“strcpy”的声明
     1>e:\我的\程序\剑指offer\剑指offer\again.cpp(664): warning C4996: 'strcat': This function or variable may be unsafe. Consider using strcat_s instead. To disable deprecation, use _CRT_SECURE_NO_WARNINGS. See online help for details.
                 f:\软件\vs2013\vc\include\string.h(118) : 参见“strcat”的声明
     1>e:\我的\程序\剑指offer\剑指offer\again.cpp(675): warning C4996: 'sprintf': This function or variable may be unsafe. Consider using sprintf_s instead. To disable deprecation, use _CRT_SECURE_NO_WARNINGS. See online help for details.
                 f:\软件\vs2013\vc\include\stdio.h(356) : 参见“sprintf”的声明
     1>e:\我的\程序\剑指offer\剑指offer\again.cpp(963): warning C4800: “int”: 将值强制为布尔值“true”或“false”(性能警告)
       Link:
         F:\软件\vs2013\VC\bin\link.exe /ERRORREPORT:PROMPT /OUT:"E:\我的\程序\剑指offer\Debug\剑指offer.exe" /INCREMENTAL /NOLOGO kernel32.lib user32.lib gdi32.lib winspool.lib comdlg32.lib advapi32.lib shell32.lib ole32.lib oleaut32.lib uuid.lib odbc32.lib odbccp32.lib /MANIFEST /MANIFESTUAC:"level='asInvoker' uiAccess='false'" /manifest:embed /DEBUG /PDB:"E:\我的\程序\剑指offer\Debug\剑指offer.pdb" /SUBSYSTEM:CONSOLE /TLBID:1 /DYNAMICBASE /NXCOMPAT /IMPLIB:"E:\我的\程序\剑指offer\Debug\剑指offer.lib" /MACHINE:X86 Debug\again.obj
         "Debug\源.obj"
         剑指offer.vcxproj -> E:\我的\程序\剑指offer\Debug\剑指offer.exe
     1>已完成生成项目“E:\我的\程序\剑指offer\剑指offer\剑指offer.vcxproj”(Build 个目标)的操作。

生成成功。

已用时间 00:00:01.03
