生成启动时间为 2016/8/9 13:05:23。
     1>项目“E:\我的\程序\HuffmanTree\HuffmanTree\HuffmanTree.vcxproj”在节点 2 上(Build 个目标)。
     1>ClCompile:
         F:\软件\vs2013\VC\bin\CL.exe /c /ZI /nologo /W3 /WX- /Od /Oy- /D WIN32 /D _DEBUG /D _CONSOLE /D _LIB /D _UNICODE /D UNICODE /Gm /EHsc /RTC1 /MDd /GS /fp:precise /Zc:wchar_t /Zc:forScope /Fo"Debug\\" /Fd"Debug\vc120.pdb" /Gd /TP /analyze- /errorReport:prompt "源.cpp"
         源.cpp
     1>e:\我的\程序\huffmantree\huffmantree\huffmantree.hpp(175): warning C4018: “<”: 有符号/无符号不匹配
                 e:\我的\程序\huffmantree\huffmantree\huffmantree.hpp(170): 编译类 模板 成员函数“HuffmanTree_A<int>::HuffmanTree_A(const T *,size_t)”时
                 with
                 [
                     T=int
                 ]
                 e:\我的\程序\huffmantree\huffmantree\源.cpp(7): 参见对正在编译的函数 模板 实例化“HuffmanTree_A<int>::HuffmanTree_A(const T *,size_t)”的引用
                 with
                 [
                     T=int
                 ]
                 e:\我的\程序\huffmantree\huffmantree\源.cpp(7): 参见对正在编译的类 模板 实例化“HuffmanTree_A<int>”的引用
       Link:
         F:\软件\vs2013\VC\bin\link.exe /ERRORREPORT:PROMPT /OUT:"E:\我的\程序\HuffmanTree\Debug\HuffmanTree.exe" /INCREMENTAL /NOLOGO kernel32.lib user32.lib gdi32.lib winspool.lib comdlg32.lib advapi32.lib shell32.lib ole32.lib oleaut32.lib uuid.lib odbc32.lib odbccp32.lib /MANIFEST /MANIFESTUAC:"level='asInvoker' uiAccess='false'" /manifest:embed /DEBUG /PDB:"E:\我的\程序\HuffmanTree\Debug\HuffmanTree.pdb" /SUBSYSTEM:CONSOLE /TLBID:1 /DYNAMICBASE /NXCOMPAT /IMPLIB:"E:\我的\程序\HuffmanTree\Debug\HuffmanTree.lib" /MACHINE:X86 "Debug\源.obj"
         HuffmanTree.vcxproj -> E:\我的\程序\HuffmanTree\Debug\HuffmanTree.exe
     1>已完成生成项目“E:\我的\程序\HuffmanTree\HuffmanTree\HuffmanTree.vcxproj”(Build 个目标)的操作。

生成成功。

已用时间 00:00:00.83
